<?xml version="1.0" encoding="UTF-8"?>
<!-- Generated by org.testng.reporters.JUnitXMLReporter -->
<testsuite hostname="DESKTOP-QA7T95C" ignored="0" name="Default test" tests="3" failures="0" timestamp="2022-08-06T12:59:58 EDT" time="83.62" errors="0">
  <testcase name="validateNewCreateContactTest" time="4.884" classname="tests.NewContactPageTest"/>
  <testcase name="validateNewCreateContactTest" time="7.55" classname="tests.NewContactPageTest"/>
  <testcase name="validateNewCreateContactTest" time="5.34" classname="tests.NewContactPageTest"/>
</testsuite> <!-- Default test -->
