<?xml version="1.0" encoding="UTF-8"?>
<!-- Generated by org.testng.reporters.JUnitXMLReporter -->
<testsuite hostname="DESKTOP-QA7T95C" ignored="0" name="regression " tests="3" failures="0" timestamp="2022-08-04T12:31:02 EDT" time="81.293" errors="0">
  <testcase name="validateLogoutTest" time="2.678" classname="tests.HomePageTest"/>
  <testcase name="validateRedirectionOfNewCompanyLink" time="1.758" classname="tests.HomePageTest"/>
  <testcase name="validateRedirectionOfNewContactLink" time="3.858" classname="tests.HomePageTest"/>
</testsuite> <!-- regression  -->
