<?xml version="1.0" encoding="UTF-8"?>
<!-- Generated by org.testng.reporters.JUnitXMLReporter -->
<testsuite ignored="0" hostname="BHUSH" failures="0" tests="3" name="regression " time="0.075" errors="0" timestamp="2023-02-14T01:28:48 IST">
  <testcase classname="tests.HomePageTest" name="@BeforeMethod initialize" time="0.012">
    <failure type="java.lang.NullPointerException" message="Cannot invoke &amp;quot;String.contains(java.lang.CharSequence)&amp;quot; because &amp;quot;browser&amp;quot; is null">
      <![CDATA[java.lang.NullPointerException: Cannot invoke "String.contains(java.lang.CharSequence)" because "browser" is null
at base.TestBase.init(TestBase.java:38)
at tests.HomePageTest.initialize(HomePageTest.java:27)
at java.base/java.util.ArrayList.forEach(ArrayList.java:1511)
... Removed 29 stack frames]]>
    </failure>
  </testcase> <!-- @BeforeMethod initialize -->
  <testcase classname="tests.HomePageTest" name="@AfterMethod closeResources" time="-1.676318328224E9">
    <skipped/>
  </testcase> <!-- @AfterMethod closeResources -->
  <testcase classname="tests.HomePageTest" name="@BeforeMethod initialize" time="-1.676318328226E9">
    <skipped/>
  </testcase> <!-- @BeforeMethod initialize -->
  <testcase classname="tests.HomePageTest" name="@AfterMethod closeResources" time="-1.676318328231E9">
    <skipped/>
  </testcase> <!-- @AfterMethod closeResources -->
  <testcase classname="tests.HomePageTest" name="@BeforeMethod initialize" time="-1.676318328232E9">
    <skipped/>
  </testcase> <!-- @BeforeMethod initialize -->
  <testcase classname="tests.HomePageTest" name="@AfterMethod closeResources" time="-1.676318328235E9">
    <skipped/>
  </testcase> <!-- @AfterMethod closeResources -->
  <testcase classname="tests.HomePageTest" name="validateLogoutTest" time="0.0">
    <skipped/>
  </testcase> <!-- validateLogoutTest -->
  <testcase classname="tests.HomePageTest" name="validateRedirectionOfNewCompanyLink" time="0.0">
    <skipped/>
  </testcase> <!-- validateRedirectionOfNewCompanyLink -->
  <testcase classname="tests.HomePageTest" name="validateRedirectionOfNewContactLink" time="0.0">
    <skipped/>
  </testcase> <!-- validateRedirectionOfNewContactLink -->
</testsuite> <!-- regression  -->
